<?xml version="1.0" encoding="UTF-8"?>
<testsuite name="tourGuide.performanceTests.TestPerformance" tests="2" skipped="0" failures="0" errors="0" timestamp="2022-07-20T13:45:03" hostname="LAPTOP-FJNEE5I2" time="790.63">
  <properties/>
  <testcase name="highVolumeTrackLocation" classname="tourGuide.performanceTests.TestPerformance" time="748.049"/>
  <testcase name="highVolumeGetRewards" classname="tourGuide.performanceTests.TestPerformance" time="42.58"/>
  <system-out><![CDATA[2022-07-20 15:44:59.944  INFO 79672 --- [    Test worker] .b.t.c.SpringBootTestContextBootstrapper : Neither @ContextConfiguration nor @ContextHierarchy found for test class [tourGuide.performanceTests.TestPerformance], using SpringBootContextLoader
2022-07-20 15:44:59.944  INFO 79672 --- [    Test worker] o.s.t.c.support.AbstractContextLoader    : Could not detect default resource locations for test class [tourGuide.performanceTests.TestPerformance]: no resource found for suffixes {-context.xml, Context.groovy}.
2022-07-20 15:44:59.944  INFO 79672 --- [    Test worker] t.c.s.AnnotationConfigContextLoaderUtils : Could not detect default configuration classes for test class [tourGuide.performanceTests.TestPerformance]: TestPerformance does not declare any static, non-private, non-final, nested classes annotated with @Configuration.
2022-07-20 15:44:59.959  INFO 79672 --- [    Test worker] .b.t.c.SpringBootTestContextBootstrapper : Found @SpringBootConfiguration tourGuide.Application for test class tourGuide.performanceTests.TestPerformance
2022-07-20 15:44:59.959  INFO 79672 --- [    Test worker] .b.t.c.SpringBootTestContextBootstrapper : Loaded default TestExecutionListener class names from location [META-INF/spring.factories]: [org.springframework.boot.test.autoconfigure.restdocs.RestDocsTestExecutionListener, org.springframework.boot.test.autoconfigure.web.client.MockRestServiceServerResetTestExecutionListener, org.springframework.boot.test.autoconfigure.web.servlet.MockMvcPrintOnlyOnFailureTestExecutionListener, org.springframework.boot.test.autoconfigure.web.servlet.WebDriverTestExecutionListener, org.springframework.boot.test.mock.mockito.MockitoTestExecutionListener, org.springframework.boot.test.mock.mockito.ResetMocksTestExecutionListener, org.springframework.test.context.web.ServletTestExecutionListener, org.springframework.test.context.support.DirtiesContextBeforeModesTestExecutionListener, org.springframework.test.context.support.DependencyInjectionTestExecutionListener, org.springframework.test.context.support.DirtiesContextTestExecutionListener, org.springframework.test.context.transaction.TransactionalTestExecutionListener, org.springframework.test.context.jdbc.SqlScriptsTestExecutionListener]
2022-07-20 15:44:59.959  INFO 79672 --- [    Test worker] .b.t.c.SpringBootTestContextBootstrapper : Using TestExecutionListeners: [org.springframework.test.context.web.ServletTestExecutionListener@80d8288, org.springframework.test.context.support.DirtiesContextBeforeModesTestExecutionListener@721d7db0, org.springframework.boot.test.mock.mockito.MockitoTestExecutionListener@466b4944, org.springframework.boot.test.autoconfigure.SpringBootDependencyInjectionTestExecutionListener@131eaad5, org.springframework.test.context.support.DirtiesContextTestExecutionListener@77e373fc, org.springframework.boot.test.autoconfigure.restdocs.RestDocsTestExecutionListener@6e8a604d, org.springframework.boot.test.autoconfigure.web.client.MockRestServiceServerResetTestExecutionListener@723725b1, org.springframework.boot.test.autoconfigure.web.servlet.MockMvcPrintOnlyOnFailureTestExecutionListener@14997120, org.springframework.boot.test.autoconfigure.web.servlet.WebDriverTestExecutionListener@78099cdc, org.springframework.boot.test.mock.mockito.ResetMocksTestExecutionListener@45bc0398]

  .   ____          _            __ _ _
 /\\ / ___'_ __ _ _(_)_ __  __ _ \ \ \ \
( ( )\___ | '_ | '_| | '_ \/ _` | \ \ \ \
 \\/  ___)| |_)| | | | | || (_| |  ) ) ) )
  '  |____| .__|_| |_|_| |_\__, | / / / /
 =========|_|==============|___/=/_/_/_/
 :: Spring Boot ::        (v2.1.6.RELEASE)

2022-07-20 15:45:00.006  INFO 79672 --- [    Test worker] t.performanceTests.TestPerformance       : Starting TestPerformance on LAPTOP-FJNEE5I2 with PID 79672 (started by CABROL in C:\Users\CABROL\Documents\Justine\OpenClassrooms\projectTourguide\TourGuide)
2022-07-20 15:45:00.006  INFO 79672 --- [    Test worker] t.performanceTests.TestPerformance       : No active profile set, falling back to default profiles: default
2022-07-20 15:45:01.161  INFO 79672 --- [    Test worker] o.s.s.concurrent.ThreadPoolTaskExecutor  : Initializing ExecutorService 'applicationTaskExecutor'
2022-07-20 15:45:01.870  INFO 79672 --- [    Test worker] o.s.b.a.e.web.EndpointLinksResolver      : Exposing 2 endpoint(s) beneath base path '/actuator'
2022-07-20 15:45:01.940  INFO 79672 --- [    Test worker] t.performanceTests.TestPerformance       : Started TestPerformance in 1.965 seconds (JVM running for 27.47)
2022-07-20 15:45:01.940  INFO 79672 --- [    Test worker] t.configuration.TourGuideInitialisation  : TestMode enabled
2022-07-20 15:45:01.940  INFO 79672 --- [    Test worker] t.configuration.TourGuideInitialisation  : Initializing users
2022-07-20 15:45:03.144  INFO 79672 --- [    Test worker] t.configuration.TourGuideInitialisation  : Finished initializing users
2022-07-20 15:45:03.166  INFO 79672 --- [pool-5-thread-1] tourGuide.tracker.Tracker                : Begin Tracker. Tracking 100000 users.
2022-07-20 15:49:06.693  INFO 79672 --- [pool-5-thread-1] tourGuide.tracker.Tracker                : Tracker Time Elapsed: 243 seconds.
2022-07-20 15:49:06.695  INFO 79672 --- [pool-5-thread-1] tourGuide.tracker.Tracker                : Tracker sleeping
2022-07-20 15:54:06.817  INFO 79672 --- [pool-5-thread-1] tourGuide.tracker.Tracker                : Begin Tracker. Tracking 100000 users.
2022-07-20 15:57:31.229  INFO 79672 --- [    Test worker] t.performanceTests.TestPerformance       : highVolumeTrackLocation: Time Elapsed: 748 seconds.
2022-07-20 15:58:10.816  INFO 79672 --- [    Test worker] t.performanceTests.TestPerformance       : highVolumeGetRewards: Time Elapsed: 39 seconds.
]]></system-out>
  <system-err><![CDATA[]]></system-err>
</testsuite>
