<?xml version="1.0" encoding="UTF-8"?>
<testsuite name="tourGuide.integrationTests.TourGuideControllerIntegrationTests" tests="16" skipped="0" failures="0" errors="0" timestamp="2022-07-20T13:44:49" hostname="LAPTOP-FJNEE5I2" time="9.535">
  <properties/>
  <testcase name="getLocationExistingUserTest" classname="tourGuide.integrationTests.TourGuideControllerIntegrationTests" time="4.593"/>
  <testcase name="getLocationMissingParameterTest" classname="tourGuide.integrationTests.TourGuideControllerIntegrationTests" time="0.022"/>
  <testcase name="getNearbyAttractionsNoParameterTest" classname="tourGuide.integrationTests.TourGuideControllerIntegrationTests" time="0.014"/>
  <testcase name="getRewardsUserNoParameterTest" classname="tourGuide.integrationTests.TourGuideControllerIntegrationTests" time="0.009"/>
  <testcase name="getAllCurrentLocationsTest" classname="tourGuide.integrationTests.TourGuideControllerIntegrationTests" time="1.26"/>
  <testcase name="indexTest" classname="tourGuide.integrationTests.TourGuideControllerIntegrationTests" time="0.009"/>
  <testcase name="getNearbyAttractionsTest" classname="tourGuide.integrationTests.TourGuideControllerIntegrationTests" time="3.411"/>
  <testcase name="getTripDealsUserNonExistingTest" classname="tourGuide.integrationTests.TourGuideControllerIntegrationTests" time="0.013"/>
  <testcase name="errorPageTest" classname="tourGuide.integrationTests.TourGuideControllerIntegrationTests" time="0.011"/>
  <testcase name="getNearbyAttractionsUserNonExistingTest" classname="tourGuide.integrationTests.TourGuideControllerIntegrationTests" time="0.009"/>
  <testcase name="getTripDealsNoParameterTest" classname="tourGuide.integrationTests.TourGuideControllerIntegrationTests" time="0.011"/>
  <testcase name="getLocationNonExistingUserTest" classname="tourGuide.integrationTests.TourGuideControllerIntegrationTests" time="0.008"/>
  <testcase name="getRewardsUserWithoutRewardTest" classname="tourGuide.integrationTests.TourGuideControllerIntegrationTests" time="0.01"/>
  <testcase name="getRewardsUserWithRewardsTest" classname="tourGuide.integrationTests.TourGuideControllerIntegrationTests" time="0.064"/>
  <testcase name="getRewardsUserNonExistingTest" classname="tourGuide.integrationTests.TourGuideControllerIntegrationTests" time="0.008"/>
  <testcase name="getTripDealsTest" classname="tourGuide.integrationTests.TourGuideControllerIntegrationTests" time="0.061"/>
  <system-out><![CDATA[15:44:37.074 [Test worker] DEBUG org.springframework.test.context.junit4.SpringJUnit4ClassRunner - SpringJUnit4ClassRunner constructor called with [class tourGuide.integrationTests.TourGuideControllerIntegrationTests]
15:44:37.094 [Test worker] DEBUG org.springframework.test.context.BootstrapUtils - Instantiating CacheAwareContextLoaderDelegate from class [org.springframework.test.context.cache.DefaultCacheAwareContextLoaderDelegate]
15:44:37.155 [Test worker] DEBUG org.springframework.test.context.BootstrapUtils - Instantiating BootstrapContext using constructor [public org.springframework.test.context.support.DefaultBootstrapContext(java.lang.Class,org.springframework.test.context.CacheAwareContextLoaderDelegate)]
15:44:37.287 [Test worker] DEBUG org.springframework.test.context.BootstrapUtils - Instantiating TestContextBootstrapper for test class [tourGuide.integrationTests.TourGuideControllerIntegrationTests] from class [org.springframework.boot.test.context.SpringBootTestContextBootstrapper]
15:44:37.367 [Test worker] INFO org.springframework.boot.test.context.SpringBootTestContextBootstrapper - Neither @ContextConfiguration nor @ContextHierarchy found for test class [tourGuide.integrationTests.TourGuideControllerIntegrationTests], using SpringBootContextLoader
15:44:37.378 [Test worker] DEBUG org.springframework.test.context.support.AbstractContextLoader - Did not detect default resource location for test class [tourGuide.integrationTests.TourGuideControllerIntegrationTests]: class path resource [tourGuide/integrationTests/TourGuideControllerIntegrationTests-context.xml] does not exist
15:44:37.378 [Test worker] DEBUG org.springframework.test.context.support.AbstractContextLoader - Did not detect default resource location for test class [tourGuide.integrationTests.TourGuideControllerIntegrationTests]: class path resource [tourGuide/integrationTests/TourGuideControllerIntegrationTestsContext.groovy] does not exist
15:44:37.378 [Test worker] INFO org.springframework.test.context.support.AbstractContextLoader - Could not detect default resource locations for test class [tourGuide.integrationTests.TourGuideControllerIntegrationTests]: no resource found for suffixes {-context.xml, Context.groovy}.
15:44:37.378 [Test worker] INFO org.springframework.test.context.support.AnnotationConfigContextLoaderUtils - Could not detect default configuration classes for test class [tourGuide.integrationTests.TourGuideControllerIntegrationTests]: TourGuideControllerIntegrationTests does not declare any static, non-private, non-final, nested classes annotated with @Configuration.
15:44:37.850 [Test worker] DEBUG org.springframework.context.annotation.ClassPathScanningCandidateComponentProvider - Identified candidate component class: file [C:\Users\CABROL\Documents\Justine\OpenClassrooms\projectTourguide\TourGuide\build\classes\java\main\tourGuide\Application.class]
15:44:37.850 [Test worker] INFO org.springframework.boot.test.context.SpringBootTestContextBootstrapper - Found @SpringBootConfiguration tourGuide.Application for test class tourGuide.integrationTests.TourGuideControllerIntegrationTests
15:44:38.215 [Test worker] DEBUG org.springframework.boot.test.context.SpringBootTestContextBootstrapper - @TestExecutionListeners is not present for class [tourGuide.integrationTests.TourGuideControllerIntegrationTests]: using defaults.
15:44:38.225 [Test worker] INFO org.springframework.boot.test.context.SpringBootTestContextBootstrapper - Loaded default TestExecutionListener class names from location [META-INF/spring.factories]: [org.springframework.boot.test.autoconfigure.restdocs.RestDocsTestExecutionListener, org.springframework.boot.test.autoconfigure.web.client.MockRestServiceServerResetTestExecutionListener, org.springframework.boot.test.autoconfigure.web.servlet.MockMvcPrintOnlyOnFailureTestExecutionListener, org.springframework.boot.test.autoconfigure.web.servlet.WebDriverTestExecutionListener, org.springframework.boot.test.mock.mockito.MockitoTestExecutionListener, org.springframework.boot.test.mock.mockito.ResetMocksTestExecutionListener, org.springframework.test.context.web.ServletTestExecutionListener, org.springframework.test.context.support.DirtiesContextBeforeModesTestExecutionListener, org.springframework.test.context.support.DependencyInjectionTestExecutionListener, org.springframework.test.context.support.DirtiesContextTestExecutionListener, org.springframework.test.context.transaction.TransactionalTestExecutionListener, org.springframework.test.context.jdbc.SqlScriptsTestExecutionListener]
15:44:38.266 [Test worker] DEBUG org.springframework.boot.test.context.SpringBootTestContextBootstrapper - Skipping candidate TestExecutionListener [org.springframework.test.context.transaction.TransactionalTestExecutionListener] due to a missing dependency. Specify custom listener classes or make the default listener classes and their required dependencies available. Offending class: [org/springframework/transaction/interceptor/TransactionAttributeSource]
15:44:38.274 [Test worker] DEBUG org.springframework.boot.test.context.SpringBootTestContextBootstrapper - Skipping candidate TestExecutionListener [org.springframework.test.context.jdbc.SqlScriptsTestExecutionListener] due to a missing dependency. Specify custom listener classes or make the default listener classes and their required dependencies available. Offending class: [org/springframework/transaction/interceptor/TransactionAttribute]
15:44:38.274 [Test worker] INFO org.springframework.boot.test.context.SpringBootTestContextBootstrapper - Using TestExecutionListeners: [org.springframework.test.context.web.ServletTestExecutionListener@52b6c3c1, org.springframework.test.context.support.DirtiesContextBeforeModesTestExecutionListener@29d39199, org.springframework.boot.test.mock.mockito.MockitoTestExecutionListener@7c45cbfe, org.springframework.boot.test.autoconfigure.SpringBootDependencyInjectionTestExecutionListener@52ae32e7, org.springframework.test.context.support.DirtiesContextTestExecutionListener@36e25bb8, org.springframework.boot.test.autoconfigure.restdocs.RestDocsTestExecutionListener@3084ba4, org.springframework.boot.test.autoconfigure.web.client.MockRestServiceServerResetTestExecutionListener@51c06a00, org.springframework.boot.test.autoconfigure.web.servlet.MockMvcPrintOnlyOnFailureTestExecutionListener@72da43d5, org.springframework.boot.test.autoconfigure.web.servlet.WebDriverTestExecutionListener@5641f9ad, org.springframework.boot.test.mock.mockito.ResetMocksTestExecutionListener@1755cdaa]
15:44:38.276 [Test worker] DEBUG org.springframework.test.annotation.ProfileValueUtils - Retrieved @ProfileValueSourceConfiguration [null] for test class [tourGuide.integrationTests.TourGuideControllerIntegrationTests]
15:44:38.286 [Test worker] DEBUG org.springframework.test.annotation.ProfileValueUtils - Retrieved ProfileValueSource type [class org.springframework.test.annotation.SystemProfileValueSource] for class [tourGuide.integrationTests.TourGuideControllerIntegrationTests]
15:44:38.286 [Test worker] DEBUG org.springframework.test.annotation.ProfileValueUtils - Retrieved @ProfileValueSourceConfiguration [null] for test class [tourGuide.integrationTests.TourGuideControllerIntegrationTests]
15:44:38.286 [Test worker] DEBUG org.springframework.test.annotation.ProfileValueUtils - Retrieved ProfileValueSource type [class org.springframework.test.annotation.SystemProfileValueSource] for class [tourGuide.integrationTests.TourGuideControllerIntegrationTests]
15:44:38.306 [Test worker] DEBUG org.springframework.test.context.support.AbstractDirtiesContextTestExecutionListener - Before test class: context [DefaultTestContext@4f4f2a85 testClass = TourGuideControllerIntegrationTests, testInstance = [null], testMethod = [null], testException = [null], mergedContextConfiguration = [WebMergedContextConfiguration@1246edff testClass = TourGuideControllerIntegrationTests, locations = '{}', classes = '{class tourGuide.Application}', contextInitializerClasses = '[]', activeProfiles = '{integrationTest, test}', propertySourceLocations = '{}', propertySourceProperties = '{org.springframework.boot.test.context.SpringBootTestContextBootstrapper=true}', contextCustomizers = set[org.springframework.boot.test.autoconfigure.properties.PropertyMappingContextCustomizer@e7e8512, org.springframework.boot.test.autoconfigure.web.servlet.WebDriverContextCustomizerFactory$Customizer@11d2017, [ImportsContextCustomizer@24825de5 key = [org.springframework.boot.test.autoconfigure.web.servlet.MockMvcAutoConfiguration, org.springframework.boot.test.autoconfigure.web.servlet.MockMvcSecurityAutoConfiguration, org.springframework.boot.test.autoconfigure.web.servlet.MockMvcWebClientAutoConfiguration, org.springframework.boot.test.autoconfigure.web.servlet.MockMvcWebDriverAutoConfiguration]], org.springframework.boot.test.context.filter.ExcludeFilterContextCustomizer@63e72088, org.springframework.boot.test.json.DuplicateJsonObjectContextCustomizerFactory$DuplicateJsonObjectContextCustomizer@1e731cd4, org.springframework.boot.test.mock.mockito.MockitoContextCustomizer@0, org.springframework.boot.test.web.client.TestRestTemplateContextCustomizer@209bc255], resourceBasePath = 'src/main/webapp', contextLoader = 'org.springframework.boot.test.context.SpringBootContextLoader', parent = [null]], attributes = map['org.springframework.test.context.web.ServletTestExecutionListener.activateListener' -> true]], class annotated with @DirtiesContext [false] with mode [null].
15:44:38.306 [Test worker] DEBUG org.springframework.test.annotation.ProfileValueUtils - Retrieved @ProfileValueSourceConfiguration [null] for test class [tourGuide.integrationTests.TourGuideControllerIntegrationTests]
15:44:38.306 [Test worker] DEBUG org.springframework.test.annotation.ProfileValueUtils - Retrieved ProfileValueSource type [class org.springframework.test.annotation.SystemProfileValueSource] for class [tourGuide.integrationTests.TourGuideControllerIntegrationTests]
15:44:38.445 [Test worker] DEBUG org.springframework.test.context.support.TestPropertySourceUtils - Adding inlined properties to environment: {spring.jmx.enabled=false, org.springframework.boot.test.context.SpringBootTestContextBootstrapper=true, server.port=-1}

  .   ____          _            __ _ _
 /\\ / ___'_ __ _ _(_)_ __  __ _ \ \ \ \
( ( )\___ | '_ | '_| | '_ \/ _` | \ \ \ \
 \\/  ___)| |_)| | | | | || (_| |  ) ) ) )
  '  |____| .__|_| |_|_| |_\__, | / / / /
 =========|_|==============|___/=/_/_/_/
 :: Spring Boot ::        (v2.1.6.RELEASE)

2022-07-20 15:44:40.021  INFO 79672 --- [    Test worker] t.i.TourGuideControllerIntegrationTests  : Starting TourGuideControllerIntegrationTests on LAPTOP-FJNEE5I2 with PID 79672 (started by CABROL in C:\Users\CABROL\Documents\Justine\OpenClassrooms\projectTourguide\TourGuide)
2022-07-20 15:44:40.021  INFO 79672 --- [    Test worker] t.i.TourGuideControllerIntegrationTests  : The following profiles are active: integrationTest,test
2022-07-20 15:44:46.100  INFO 79672 --- [    Test worker] o.s.s.concurrent.ThreadPoolTaskExecutor  : Initializing ExecutorService 'applicationTaskExecutor'
2022-07-20 15:44:47.706  INFO 79672 --- [    Test worker] o.s.b.t.m.w.SpringBootMockServletContext : Initializing Spring TestDispatcherServlet ''
2022-07-20 15:44:47.706  INFO 79672 --- [    Test worker] o.s.t.web.servlet.TestDispatcherServlet  : Initializing Servlet ''
2022-07-20 15:44:47.747  INFO 79672 --- [    Test worker] o.s.b.a.e.web.EndpointLinksResolver      : Exposing 2 endpoint(s) beneath base path '/actuator'
2022-07-20 15:44:47.827  INFO 79672 --- [    Test worker] o.s.t.web.servlet.TestDispatcherServlet  : Completed initialization in 121 ms
2022-07-20 15:44:47.938  INFO 79672 --- [    Test worker] t.i.TourGuideControllerIntegrationTests  : Started TourGuideControllerIntegrationTests in 9.43 seconds (JVM running for 13.467)
2022-07-20 15:44:47.948  INFO 79672 --- [    Test worker] urGuideInitialisationForIntegrationTests : TestMode enabled
2022-07-20 15:44:47.948  INFO 79672 --- [    Test worker] urGuideInitialisationForIntegrationTests : Initializing users
2022-07-20 15:44:48.009  INFO 79672 --- [    Test worker] o.j.m.DefaultMonetaryContextFactory      : Using custom MathContext: precision=256, roundingMode=HALF_EVEN
2022-07-20 15:44:49.551  INFO 79672 --- [    Test worker] urGuideInitialisationForIntegrationTests : Finished initializing users
2022-07-20 15:44:54.538 ERROR 79672 --- [    Test worker] t.exception.TourGuideExceptionHandler    : The request is not correct : a request parameter is missing or wrong.

2022-07-20 15:44:54.553 ERROR 79672 --- [    Test worker] t.exception.TourGuideExceptionHandler    : The request is not correct : a request parameter is missing or wrong.

2022-07-20 15:44:54.560 ERROR 79672 --- [    Test worker] t.exception.TourGuideExceptionHandler    : The request is not correct : a request parameter is missing or wrong.

2022-07-20 15:44:59.271 ERROR 79672 --- [    Test worker] t.exception.TourGuideExceptionHandler    : The user whose name is name1 was not found.
2022-07-20 15:44:59.287  WARN 79672 --- [    Test worker] o.s.web.servlet.PageNotFound             : No mapping for GET /nonExistingUri
2022-07-20 15:44:59.287 ERROR 79672 --- [    Test worker] t.exception.TourGuideExceptionHandler    : The researched page was not found : No handler found for GET /nonExistingUri
2022-07-20 15:44:59.287 ERROR 79672 --- [    Test worker] t.exception.TourGuideExceptionHandler    : The user whose name is name1 was not found.
2022-07-20 15:44:59.303 ERROR 79672 --- [    Test worker] t.exception.TourGuideExceptionHandler    : The request is not correct : a request parameter is missing or wrong.

2022-07-20 15:44:59.318 ERROR 79672 --- [    Test worker] t.exception.TourGuideExceptionHandler    : The user whose name is name1 was not found.
2022-07-20 15:44:59.403 ERROR 79672 --- [    Test worker] t.exception.TourGuideExceptionHandler    : The user whose name is name1 was not found.
]]></system-out>
  <system-err><![CDATA[]]></system-err>
</testsuite>
