<?xml version="1.0" encoding="UTF-8"?>
<testsuite name="tourGuide.unitTests.UserServiceUnitTests" tests="25" skipped="0" failures="0" errors="0" timestamp="2022-07-20T13:59:52" hostname="LAPTOP-FJNEE5I2" time="0.607">
  <properties/>
  <testcase name="addUserRewardsTest" classname="tourGuide.unitTests.UserServiceUnitTests" time="0.006"/>
  <testcase name="getUserPreferencesTest" classname="tourGuide.unitTests.UserServiceUnitTests" time="0.007"/>
  <testcase name="updateUserNonExistingTest" classname="tourGuide.unitTests.UserServiceUnitTests" time="0.017"/>
  <testcase name="updateUserPreferencesUserNonExistingTest" classname="tourGuide.unitTests.UserServiceUnitTests" time="0.015"/>
  <testcase name="getUserExistingTest" classname="tourGuide.unitTests.UserServiceUnitTests" time="0.005"/>
  <testcase name="getAllUserEmptyTest" classname="tourGuide.unitTests.UserServiceUnitTests" time="0.097"/>
  <testcase name="getUserDTOExistingTest" classname="tourGuide.unitTests.UserServiceUnitTests" time="0.004"/>
  <testcase name="addUserNewVisitedLocationTest" classname="tourGuide.unitTests.UserServiceUnitTests" time="0.013"/>
  <testcase name="updateUserPreferencesEverythingToUpdateTest" classname="tourGuide.unitTests.UserServiceUnitTests" time="0.006"/>
  <testcase name="getUserByIdExistingTest" classname="tourGuide.unitTests.UserServiceUnitTests" time="0.016"/>
  <testcase name="getUserDTONonExistingTest" classname="tourGuide.unitTests.UserServiceUnitTests" time="0.145"/>
  <testcase name="updateUserAllInformationTest" classname="tourGuide.unitTests.UserServiceUnitTests" time="0.005"/>
  <testcase name="updateUserWithoutPhoneNumberTest" classname="tourGuide.unitTests.UserServiceUnitTests" time="0.004"/>
  <testcase name="getUserLastVisitedLocationWithoutVisitedLocationTest" classname="tourGuide.unitTests.UserServiceUnitTests" time="0.004"/>
  <testcase name="getUserNonExistingTest" classname="tourGuide.unitTests.UserServiceUnitTests" time="0.006"/>
  <testcase name="getAllUserExistingTest" classname="tourGuide.unitTests.UserServiceUnitTests" time="0.004"/>
  <testcase name="updateUserWithoutEmailAddressTest" classname="tourGuide.unitTests.UserServiceUnitTests" time="0.071"/>
  <testcase name="getUserLastVisitedLocationTest" classname="tourGuide.unitTests.UserServiceUnitTests" time="0.005"/>
  <testcase name="updateUserPreferencesNothingToUpdateTest" classname="tourGuide.unitTests.UserServiceUnitTests" time="0.011"/>
  <testcase name="getUserByIdNonExistingTest" classname="tourGuide.unitTests.UserServiceUnitTests" time="0.008"/>
  <testcase name="addNewUserTest" classname="tourGuide.unitTests.UserServiceUnitTests" time="0.01"/>
  <testcase name="deleteUserNonExistingTest" classname="tourGuide.unitTests.UserServiceUnitTests" time="0.094"/>
  <testcase name="addNewUserAlreadyExistingTest" classname="tourGuide.unitTests.UserServiceUnitTests" time="0.005"/>
  <testcase name="deleteUserTest" classname="tourGuide.unitTests.UserServiceUnitTests" time="0.004"/>
  <testcase name="getUserPreferencesUserNonExistingTest" classname="tourGuide.unitTests.UserServiceUnitTests" time="0.005"/>
  <system-out><![CDATA[2022-07-20 15:59:43.303  INFO 79672 --- [    Test worker] .b.t.c.SpringBootTestContextBootstrapper : Neither @ContextConfiguration nor @ContextHierarchy found for test class [tourGuide.unitTests.UserServiceUnitTests], using SpringBootContextLoader
2022-07-20 15:59:43.306  INFO 79672 --- [    Test worker] o.s.t.c.support.AbstractContextLoader    : Could not detect default resource locations for test class [tourGuide.unitTests.UserServiceUnitTests]: no resource found for suffixes {-context.xml, Context.groovy}.
2022-07-20 15:59:43.306  INFO 79672 --- [    Test worker] t.c.s.AnnotationConfigContextLoaderUtils : Could not detect default configuration classes for test class [tourGuide.unitTests.UserServiceUnitTests]: UserServiceUnitTests does not declare any static, non-private, non-final, nested classes annotated with @Configuration.
2022-07-20 15:59:43.312  INFO 79672 --- [    Test worker] .b.t.c.SpringBootTestContextBootstrapper : Found @SpringBootConfiguration tourGuide.Application for test class tourGuide.unitTests.UserServiceUnitTests
2022-07-20 15:59:43.342  INFO 79672 --- [    Test worker] .b.t.c.SpringBootTestContextBootstrapper : Loaded default TestExecutionListener class names from location [META-INF/spring.factories]: [org.springframework.boot.test.autoconfigure.restdocs.RestDocsTestExecutionListener, org.springframework.boot.test.autoconfigure.web.client.MockRestServiceServerResetTestExecutionListener, org.springframework.boot.test.autoconfigure.web.servlet.MockMvcPrintOnlyOnFailureTestExecutionListener, org.springframework.boot.test.autoconfigure.web.servlet.WebDriverTestExecutionListener, org.springframework.boot.test.mock.mockito.MockitoTestExecutionListener, org.springframework.boot.test.mock.mockito.ResetMocksTestExecutionListener, org.springframework.test.context.web.ServletTestExecutionListener, org.springframework.test.context.support.DirtiesContextBeforeModesTestExecutionListener, org.springframework.test.context.support.DependencyInjectionTestExecutionListener, org.springframework.test.context.support.DirtiesContextTestExecutionListener, org.springframework.test.context.transaction.TransactionalTestExecutionListener, org.springframework.test.context.jdbc.SqlScriptsTestExecutionListener]
2022-07-20 15:59:43.348  INFO 79672 --- [    Test worker] .b.t.c.SpringBootTestContextBootstrapper : Using TestExecutionListeners: [org.springframework.test.context.web.ServletTestExecutionListener@4ba975fd, org.springframework.test.context.support.DirtiesContextBeforeModesTestExecutionListener@70a8febd, org.springframework.boot.test.mock.mockito.MockitoTestExecutionListener@cc9f080, org.springframework.boot.test.autoconfigure.SpringBootDependencyInjectionTestExecutionListener@1d572c52, org.springframework.test.context.support.DirtiesContextTestExecutionListener@1d51b498, org.springframework.boot.test.autoconfigure.restdocs.RestDocsTestExecutionListener@2abbfc99, org.springframework.boot.test.autoconfigure.web.client.MockRestServiceServerResetTestExecutionListener@693554be, org.springframework.boot.test.autoconfigure.web.servlet.MockMvcPrintOnlyOnFailureTestExecutionListener@4da4d076, org.springframework.boot.test.autoconfigure.web.servlet.WebDriverTestExecutionListener@5dc1482e, org.springframework.boot.test.mock.mockito.ResetMocksTestExecutionListener@28eb283b]

  .   ____          _            __ _ _
 /\\ / ___'_ __ _ _(_)_ __  __ _ \ \ \ \
( ( )\___ | '_ | '_| | '_ \/ _` | \ \ \ \
 \\/  ___)| |_)| | | | | || (_| |  ) ) ) )
  '  |____| .__|_| |_|_| |_\__, | / / / /
 =========|_|==============|___/=/_/_/_/
 :: Spring Boot ::        (v2.1.6.RELEASE)

2022-07-20 15:59:43.669  INFO 79672 --- [    Test worker] t.unitTests.UserServiceUnitTests         : Starting UserServiceUnitTests on LAPTOP-FJNEE5I2 with PID 79672 (started by CABROL in C:\Users\CABROL\Documents\Justine\OpenClassrooms\projectTourguide\TourGuide)
2022-07-20 15:59:43.670  INFO 79672 --- [    Test worker] t.unitTests.UserServiceUnitTests         : The following profiles are active: unitTest,test
2022-07-20 15:59:48.194  INFO 79672 --- [    Test worker] o.s.s.concurrent.ThreadPoolTaskExecutor  : Initializing ExecutorService 'applicationTaskExecutor'
2022-07-20 15:59:51.566  INFO 79672 --- [    Test worker] o.s.b.a.e.web.EndpointLinksResolver      : Exposing 2 endpoint(s) beneath base path '/actuator'
2022-07-20 15:59:51.922  INFO 79672 --- [    Test worker] t.unitTests.UserServiceUnitTests         : Started UserServiceUnitTests in 8.566 seconds (JVM running for 917.448)
]]></system-out>
  <system-err><![CDATA[]]></system-err>
</testsuite>
